<?xml version="1.0" encoding="UTF-8"?>
<!-- Generated by org.testng.reporters.JUnitXMLReporter -->
<testsuite hostname="N-091" ignored="2" name="Surefire test" tests="1" failures="0" timestamp="2020-02-05T13:46:33 ART" time="37.479" errors="0">
  <testcase name="searchByDressClickColor" time="12.914" classname="Ejercicio1.SearchTest"/>
  <testcase name="searchByTennis" time="0.0" classname="Ejercicio1.SearchTest">
    <ignored/>
  </testcase> <!-- searchByTennis -->
  <testcase name="searchByTennis2" time="0.0" classname="Ejercicio1.SearchTest">
    <ignored/>
  </testcase> <!-- searchByTennis2 -->
</testsuite> <!-- Surefire test -->
