<?xml version="1.0" encoding="UTF-8"?>
<testng-results skipped="0" failed="0" ignored="2" total="3" passed="1">
  <reporter-output>
  </reporter-output>
  <suite name="Surefire suite" duration-ms="37479" started-at="2020-02-05T13:45:55 ART" finished-at="2020-02-05T13:46:33 ART">
    <groups>
    </groups>
    <test name="Surefire test" duration-ms="37479" started-at="2020-02-05T13:45:55 ART" finished-at="2020-02-05T13:46:33 ART">
      <class name="Ejercicio1.SearchTest">
        <test-method status="PASS" signature="pre()[pri:0, instance:Ejercicio1.SearchTest@26653222]" name="pre" is-config="true" duration-ms="15" started-at="2020-02-05T13:45:55 ART" finished-at="2020-02-05T13:45:55 ART">
          <reporter-output>
          </reporter-output>
        </test-method> <!-- pre -->
        <test-method status="PASS" signature="inicio()[pri:0, instance:Ejercicio1.SearchTest@26653222]" name="inicio" is-config="true" duration-ms="22265" started-at="2020-02-05T13:45:55 ART" finished-at="2020-02-05T13:46:18 ART">
          <reporter-output>
          </reporter-output>
        </test-method> <!-- inicio -->
        <test-method status="PASS" signature="searchByDressClickColor()[pri:0, instance:Ejercicio1.SearchTest@26653222]" name="searchByDressClickColor" duration-ms="12914" started-at="2020-02-05T13:46:18 ART" description="Ejercicio 2, verificar el color seleccionado en el ARTICULO" finished-at="2020-02-05T13:46:30 ART">
          <reporter-output>
          </reporter-output>
        </test-method> <!-- searchByDressClickColor -->
        <test-method status="PASS" signature="fin()[pri:0, instance:Ejercicio1.SearchTest@26653222]" name="fin" is-config="true" duration-ms="2229" started-at="2020-02-05T13:46:30 ART" finished-at="2020-02-05T13:46:33 ART">
          <reporter-output>
          </reporter-output>
        </test-method> <!-- fin -->
        <test-method status="PASS" signature="post()[pri:0, instance:Ejercicio1.SearchTest@26653222]" name="post" is-config="true" duration-ms="2" started-at="2020-02-05T13:46:33 ART" finished-at="2020-02-05T13:46:33 ART">
          <reporter-output>
          </reporter-output>
        </test-method> <!-- post -->
      </class> <!-- Ejercicio1.SearchTest -->
    </test> <!-- Surefire test -->
  </suite> <!-- Surefire suite -->
</testng-results>
